<?xml version="1.0" encoding="UTF-8"?>
<testng-results ignored="0" total="2" passed="2" failed="0" skipped="0">
  <reporter-output>
  </reporter-output>
  <suite started-at="2024-08-14T16:39:49 IST" name="Surefire suite" finished-at="2024-08-14T16:40:15 IST" duration-ms="26132">
    <groups>
      <group name="regression">
        <method signature="Demo.demo2()[pri:0, instance:sample.Demo@229d10bd]" name="demo2" class="sample.Demo"/>
      </group> <!-- regression -->
      <group name="smoke">
        <method signature="Demo.demo1()[pri:0, instance:sample.Demo@229d10bd]" name="demo1" class="sample.Demo"/>
      </group> <!-- smoke -->
    </groups>
    <test started-at="2024-08-14T16:39:49 IST" name="Surefire test" finished-at="2024-08-14T16:40:15 IST" duration-ms="26132">
      <class name="sample.Demo">
        <test-method signature="demo1()[pri:0, instance:sample.Demo@229d10bd]" started-at="2024-08-14T16:39:49 IST" name="demo1" finished-at="2024-08-14T16:40:09 IST" duration-ms="19826" status="PASS">
          <reporter-output>
          </reporter-output>
        </test-method> <!-- demo1 -->
        <test-method signature="demo2()[pri:0, instance:sample.Demo@229d10bd]" started-at="2024-08-14T16:40:09 IST" name="demo2" finished-at="2024-08-14T16:40:15 IST" duration-ms="6273" status="PASS">
          <reporter-output>
          </reporter-output>
        </test-method> <!-- demo2 -->
      </class> <!-- sample.Demo -->
    </test> <!-- Surefire test -->
  </suite> <!-- Surefire suite -->
</testng-results>
